<?xml version="1.0" encoding="UTF-8"?>
<!-- Generated by org.testng.reporters.JUnitReportReporter -->
<testsuite hostname="PG03LS9T" failures="0" tests="1" name="com.utilities.BaseClass" time="2.750" errors="0" timestamp="2023-06-22T20:45:47 IST" skipped="0">
  <testcase classname="com.utilities.BaseClass" name="emptyValue" time="2.750"/>
</testsuite> <!-- com.utilities.BaseClass -->
